Flutter crash report.
Please report a bug at https://github.com/flutter/flutter/issues.

## command

flutter run

## exception

DartDevelopmentServiceException: DartDevelopmentServiceException: Failed to start Dart Development Service

```
```

## flutter doctor

```
[32m[✓][39m Flutter (Channel stable, 3.35.2, on Microsoft Windows [version 10.0.22631.6199], locale fr-CM) [983ms]
    [32m•[39m Flutter version 3.35.2 on channel stable at C:\flutter_windows_3.35.2-stable\flutter
    [32m•[39m Upstream repository https://github.com/flutter/flutter.git
    [32m•[39m Framework revision 05db968908 (10 months ago), 2025-08-25 10:21:35 -0700
    [32m•[39m Engine revision a8bfdfc394
    [32m•[39m Dart version 3.9.0
    [32m•[39m DevTools version 2.48.0
    [32m•[39m Feature flags: enable-web, enable-linux-desktop, enable-macos-desktop, enable-windows-desktop, enable-android, enable-ios, cli-animations, enable-lldb-debugging

[32m[✓][39m Windows Version (11 Professionnel 64 bits, 23H2, 2009) [11,5s]

[32m[✓][39m Android toolchain - develop for Android devices (Android SDK version 36.1.0) [20,3s]
    [32m•[39m Android SDK at C:\Users\Lenovo\AppData\Local\Android\Sdk
    [32m•[39m Emulator version 36.1.9.0 (build_id 13823996) (CL:N/A)
    [32m•[39m Platform android-36, build-tools 36.1.0
    [32m•[39m ANDROID_HOME = C:\Users\Lenovo\AppData\Local\Android\Sdk
    [32m•[39m Java binary at: C:\Program Files\Android\Android Studio\jbr\bin\java
      This is the JDK bundled with the latest Android Studio installation on this machine.
      To manually set the JDK path, use: `flutter config --jdk-dir="path/to/jdk"`.
    [32m•[39m Java version OpenJDK Runtime Environment (build 21.0.10+-14961533-b1163.108)
    [32m•[39m All Android licenses accepted.

[32m[✓][39m Chrome - develop for the web [28ms]
    [32m•[39m Chrome at C:\Program Files\Google\Chrome\Application\chrome.exe

[31m[✗][39m Visual Studio - develop Windows apps [24ms]
    [31m✗[39m Visual Studio not installed; this is necessary to develop Windows apps.
      Download at https://visualstudio.microsoft.com/downloads/.
      Please install the "Desktop development with C++" workload, including all of its default components

[32m[✓][39m Android Studio (version 2026.1.1) [16ms]
    [32m•[39m Android Studio at C:\Program Files\Android\Android Studio
    [32m•[39m Flutter plugin can be installed from:
      🔨 https://plugins.jetbrains.com/plugin/9212-flutter
    [32m•[39m Dart plugin can be installed from:
      🔨 https://plugins.jetbrains.com/plugin/6351-dart
    [32m•[39m Java version OpenJDK Runtime Environment (build 21.0.10+-14961533-b1163.108)

[32m[✓][39m VS Code (version unknown) [12ms]
    [32m•[39m VS Code at C:\Users\Lenovo\AppData\Local\Programs\Microsoft VS Code
    [32m•[39m Flutter extension version 3.136.0
    [31m✗[39m Unable to determine VS Code version.

[32m[✓][39m Connected device (3 available) [772ms]
    [32m•[39m Windows (desktop) • windows • windows-x64    • Microsoft Windows [version 10.0.22631.6199]
    [32m•[39m Chrome (web)      • chrome  • web-javascript • Google Chrome 149.0.7827.104
    [32m•[39m Edge (web)        • edge    • web-javascript • Microsoft Edge 149.0.4022.69

[32m[✓][39m Network resources [27,5s]
    [32m•[39m All expected network resources are available.

[33m![39m Doctor found issues in 1 category.
```
